[debug] [2022-05-23T11:47:52.504Z] ----------------------------------------------------------------------
[debug] [2022-05-23T11:47:52.505Z] Command:       /usr/local/bin/node /usr/local/bin/firebase init
[debug] [2022-05-23T11:47:52.506Z] CLI Version:   10.9.2
[debug] [2022-05-23T11:47:52.506Z] Platform:      darwin
[debug] [2022-05-23T11:47:52.506Z] Node Version:  v14.17.6
[debug] [2022-05-23T11:47:52.514Z] Time:          Mon May 23 2022 12:47:52 GMT+0100 (British Summer Time)
[debug] [2022-05-23T11:47:52.514Z] ----------------------------------------------------------------------
[debug] 
[debug] [2022-05-23T11:47:52.524Z] >>> [apiv2][query] GET https://firebase-public.firebaseio.com/cli.json [none]
[debug] [2022-05-23T11:47:52.611Z] > command requires scopes: ["email","openid","https://www.googleapis.com/auth/cloudplatformprojects.readonly","https://www.googleapis.com/auth/firebase","https://www.googleapis.com/auth/cloud-platform"]
[debug] [2022-05-23T11:47:52.611Z] > authorizing via signed-in user (josie.a.newman@gmail.com)
[info] 
     ######## #### ########  ######## ########     ###     ######  ########
     ##        ##  ##     ## ##       ##     ##  ##   ##  ##       ##
     ######    ##  ########  ######   ########  #########  ######  ######
     ##        ##  ##    ##  ##       ##     ## ##     ##       ## ##
     ##       #### ##     ## ######## ########  ##     ##  ######  ########

You're about to initialize a Firebase project in this directory:

  /Users/Josie/save-oom

Before we get started, keep in mind:

  * You are initializing within an existing Firebase project directory

[debug] [2022-05-23T11:47:52.996Z] <<< [apiv2][status] GET https://firebase-public.firebaseio.com/cli.json 200
[debug] [2022-05-23T11:47:52.997Z] <<< [apiv2][body] GET https://firebase-public.firebaseio.com/cli.json {"cloudBuildErrorAfter":1594252800000,"cloudBuildWarnAfter":1590019200000,"defaultNode10After":1594252800000,"minVersion":"3.0.5","node8DeploysDisabledAfter":1613390400000,"node8RuntimeDisabledAfter":1615809600000,"node8WarnAfter":1600128000000}
